2024-06-28 00:03:11 [I] - ***********************************************
2024-06-28 00:03:11 [I] - 提取方式二:传入参数为CMarkup类型
2024-06-28 00:03:11 [I] - 创建辅助阅读空节点
2024-06-28 00:04:47 [I] - ***********************************************
2024-06-28 00:04:47 [I] - 提取方式二:传入参数为CMarkup类型
2024-06-28 00:04:47 [I] - start extract title
2024-06-28 00:04:47 [I] - title extract success
2024-06-28 00:04:47 [I] - start extract authors
2024-06-28 00:04:47 [I] - authors extract success
2024-06-28 00:04:47 [I] - start extract abstract
2024-06-28 00:04:47 [I] - abstract extract success
2024-06-28 00:04:47 [I] - start extract keyWords
2024-06-28 00:04:47 [I] - keyWords extract success
2024-06-28 00:04:47 [I] - start extract catalogs
2024-06-28 00:04:47 [I] - catalogs extract success
2024-06-28 00:04:47 [I] - ***********************************************
2024-06-28 00:16:43 [I] - ***********************************************
2024-06-28 00:16:43 [I] - 提取方式二:传入参数为CMarkup类型
2024-06-28 00:16:43 [I] - start extract title
2024-06-28 00:16:43 [I] - title extract success
2024-06-28 00:16:43 [I] - start extract authors
2024-06-28 00:16:43 [I] - authors extract success
2024-06-28 00:16:43 [I] - start extract abstract
2024-06-28 00:16:43 [I] - abstract extract success
2024-06-28 00:16:43 [I] - start extract keyWords
2024-06-28 00:16:43 [I] - keyWords extract success
2024-06-28 00:16:43 [I] - start extract catalogs
2024-06-28 00:16:43 [I] - catalogs extract success
2024-06-28 00:16:43 [I] - ***********************************************
